This is pdfTeX, Version 3.141592653-2.6-1.40.22 (TeX Live 2022/dev/Debian) (preloaded format=pdflatex 2023.12.1)  14 DEC 2023 11:58
entering extended mode
 restricted \write18 enabled.
 %&-line parsing enabled.
**hyperfine1.tex
(./hyperfine1.tex
LaTeX2e <2021-11-15> patch level 1
L3 programming layer <2022-01-21>
(/usr/share/texlive/texmf-dist/tex/latex/beamer/beamer.cls
Document Class: beamer 2022/01/21 v3.65 A class for typesetting presentations
(/usr/share/texlive/texmf-dist/tex/latex/beamer/beamerbasemodes.sty
(/usr/share/texlive/texmf-dist/tex/latex/etoolbox/etoolbox.sty
Package: etoolbox 2020/10/05 v2.5k e-TeX tools for LaTeX (JAW)
\etb@tempcnta=\count185
)
\beamer@tempbox=\box50
\beamer@tempcount=\count186
\c@beamerpauses=\count187

(/usr/share/texlive/texmf-dist/tex/latex/beamer/beamerbasedecode.sty
\beamer@slideinframe=\count188
\beamer@minimum=\count189
\beamer@decode@box=\box51
)
\beamer@commentbox=\box52
\beamer@modecount=\count190
)
(/usr/share/texlive/texmf-dist/tex/generic/iftex/ifpdf.sty
Package: ifpdf 2019/10/25 v3.4 ifpdf legacy package. Use iftex instead.

(/usr/share/texlive/texmf-dist/tex/generic/iftex/iftex.sty
Package: iftex 2020/03/06 v1.0d TeX engine tests
))
\headdp=\dimen138
\footheight=\dimen139
\sidebarheight=\dimen140
\beamer@tempdim=\dimen141
\beamer@finalheight=\dimen142
\beamer@animht=\dimen143
\beamer@animdp=\dimen144
\beamer@animwd=\dimen145
\beamer@leftmargin=\dimen146
\beamer@rightmargin=\dimen147
\beamer@leftsidebar=\dimen148
\beamer@rightsidebar=\dimen149
\beamer@boxsize=\dimen150
\beamer@vboxoffset=\dimen151
\beamer@descdefault=\dimen152
\beamer@descriptionwidth=\dimen153
\beamer@lastskip=\skip47
\beamer@areabox=\box53
\beamer@animcurrent=\box54
\beamer@animshowbox=\box55
\beamer@sectionbox=\box56
\beamer@logobox=\box57
\beamer@linebox=\box58
\beamer@sectioncount=\count191
\beamer@subsubsectionmax=\count192
\beamer@subsectionmax=\count193
\beamer@sectionmax=\count194
\beamer@totalheads=\count195
\beamer@headcounter=\count196
\beamer@partstartpage=\count197
\beamer@sectionstartpage=\count198
\beamer@subsectionstartpage=\count199
\beamer@animationtempa=\count266
\beamer@animationtempb=\count267
\beamer@xpos=\count268
\beamer@ypos=\count269
\beamer@ypos@offset=\count270
\beamer@showpartnumber=\count271
\beamer@currentsubsection=\count272
\beamer@coveringdepth=\count273
\beamer@sectionadjust=\count274
\beamer@toclastsection=\count275
\beamer@tocsectionnumber=\count276

(/usr/share/texlive/texmf-dist/tex/latex/beamer/beamerbaseoptions.sty
(/usr/share/texlive/texmf-dist/tex/latex/graphics/keyval.sty
Package: keyval 2014/10/28 v1.15 key=value parser (DPC)
\KV@toks@=\toks16
))
\beamer@paperwidth=\skip48
\beamer@paperheight=\skip49

(/usr/share/texlive/texmf-dist/tex/latex/geometry/geometry.sty
Package: geometry 2020/01/02 v5.9 Page Geometry

(/usr/share/texlive/texmf-dist/tex/generic/iftex/ifvtex.sty
Package: ifvtex 2019/10/25 v1.7 ifvtex legacy package. Use iftex instead.
)
\Gm@cnth=\count277
\Gm@cntv=\count278
\c@Gm@tempcnt=\count279
\Gm@bindingoffset=\dimen154
\Gm@wd@mp=\dimen155
\Gm@odd@mp=\dimen156
\Gm@even@mp=\dimen157
\Gm@layoutwidth=\dimen158
\Gm@layoutheight=\dimen159
\Gm@layouthoffset=\dimen160
\Gm@layoutvoffset=\dimen161
\Gm@dimlist=\toks17
)
(/usr/share/texlive/texmf-dist/tex/latex/pgf/basiclayer/pgfcore.sty
(/usr/share/texlive/texmf-dist/tex/latex/graphics/graphicx.sty
Package: graphicx 2021/09/16 v1.2d Enhanced LaTeX Graphics (DPC,SPQR)

(/usr/share/texlive/texmf-dist/tex/latex/graphics/graphics.sty
Package: graphics 2021/03/04 v1.4d Standard LaTeX Graphics (DPC,SPQR)

(/usr/share/texlive/texmf-dist/tex/latex/graphics/trig.sty
Package: trig 2021/08/11 v1.11 sin cos tan (DPC)
)
(/usr/share/texlive/texmf-dist/tex/latex/graphics-cfg/graphics.cfg
File: graphics.cfg 2016/06/04 v1.11 sample graphics configuration
)
Package graphics Info: Driver file: pdftex.def on input line 107.

(/usr/share/texlive/texmf-dist/tex/latex/graphics-def/pdftex.def
File: pdftex.def 2020/10/05 v1.2a Graphics/color driver for pdftex
))
\Gin@req@height=\dimen162
\Gin@req@width=\dimen163
)
(/usr/share/texlive/texmf-dist/tex/latex/pgf/systemlayer/pgfsys.sty
(/usr/share/texlive/texmf-dist/tex/latex/pgf/utilities/pgfrcs.sty
(/usr/share/texlive/texmf-dist/tex/generic/pgf/utilities/pgfutil-common.tex
\pgfutil@everybye=\toks18
\pgfutil@tempdima=\dimen164
\pgfutil@tempdimb=\dimen165

(/usr/share/texlive/texmf-dist/tex/generic/pgf/utilities/pgfutil-common-lists.t
ex)) (/usr/share/texlive/texmf-dist/tex/generic/pgf/utilities/pgfutil-latex.def
\pgfutil@abb=\box59
) (/usr/share/texlive/texmf-dist/tex/generic/pgf/utilities/pgfrcs.code.tex
(/usr/share/texlive/texmf-dist/tex/generic/pgf/pgf.revision.tex)
Package: pgfrcs 2021/05/15 v3.1.9a (3.1.9a)
))
(/usr/share/texlive/texmf-dist/tex/generic/pgf/systemlayer/pgfsys.code.tex
Package: pgfsys 2021/05/15 v3.1.9a (3.1.9a)

(/usr/share/texlive/texmf-dist/tex/generic/pgf/utilities/pgfkeys.code.tex
\pgfkeys@pathtoks=\toks19
\pgfkeys@temptoks=\toks20

(/usr/share/texlive/texmf-dist/tex/generic/pgf/utilities/pgfkeysfiltered.code.t
ex
\pgfkeys@tmptoks=\toks21
))
\pgf@x=\dimen166
\pgf@y=\dimen167
\pgf@xa=\dimen168
\pgf@ya=\dimen169
\pgf@xb=\dimen170
\pgf@yb=\dimen171
\pgf@xc=\dimen172
\pgf@yc=\dimen173
\pgf@xd=\dimen174
\pgf@yd=\dimen175
\w@pgf@writea=\write3
\r@pgf@reada=\read2
\c@pgf@counta=\count280
\c@pgf@countb=\count281
\c@pgf@countc=\count282
\c@pgf@countd=\count283
\t@pgf@toka=\toks22
\t@pgf@tokb=\toks23
\t@pgf@tokc=\toks24
\pgf@sys@id@count=\count284
 (/usr/share/texlive/texmf-dist/tex/generic/pgf/systemlayer/pgf.cfg
File: pgf.cfg 2021/05/15 v3.1.9a (3.1.9a)
)
Driver file for pgf: pgfsys-pdftex.def

(/usr/share/texlive/texmf-dist/tex/generic/pgf/systemlayer/pgfsys-pdftex.def
File: pgfsys-pdftex.def 2021/05/15 v3.1.9a (3.1.9a)

(/usr/share/texlive/texmf-dist/tex/generic/pgf/systemlayer/pgfsys-common-pdf.de
f
File: pgfsys-common-pdf.def 2021/05/15 v3.1.9a (3.1.9a)
)))
(/usr/share/texlive/texmf-dist/tex/generic/pgf/systemlayer/pgfsyssoftpath.code.
tex
File: pgfsyssoftpath.code.tex 2021/05/15 v3.1.9a (3.1.9a)
\pgfsyssoftpath@smallbuffer@items=\count285
\pgfsyssoftpath@bigbuffer@items=\count286
)
(/usr/share/texlive/texmf-dist/tex/generic/pgf/systemlayer/pgfsysprotocol.code.
tex
File: pgfsysprotocol.code.tex 2021/05/15 v3.1.9a (3.1.9a)
)) (/usr/share/texlive/texmf-dist/tex/latex/xcolor/xcolor.sty
Package: xcolor 2021/10/31 v2.13 LaTeX color extensions (UK)

(/usr/share/texlive/texmf-dist/tex/latex/graphics-cfg/color.cfg
File: color.cfg 2016/01/02 v1.6 sample color configuration
)
Package xcolor Info: Driver file: pdftex.def on input line 227.
Package xcolor Info: Model `cmy' substituted by `cmy0' on input line 1352.
Package xcolor Info: Model `hsb' substituted by `rgb' on input line 1356.
Package xcolor Info: Model `RGB' extended on input line 1368.
Package xcolor Info: Model `HTML' substituted by `rgb' on input line 1370.
Package xcolor Info: Model `Hsb' substituted by `hsb' on input line 1371.
Package xcolor Info: Model `tHsb' substituted by `hsb' on input line 1372.
Package xcolor Info: Model `HSB' substituted by `hsb' on input line 1373.
Package xcolor Info: Model `Gray' substituted by `gray' on input line 1374.
Package xcolor Info: Model `wave' substituted by `hsb' on input line 1375.
)
(/usr/share/texlive/texmf-dist/tex/generic/pgf/basiclayer/pgfcore.code.tex
Package: pgfcore 2021/05/15 v3.1.9a (3.1.9a)

(/usr/share/texlive/texmf-dist/tex/generic/pgf/math/pgfmath.code.tex
(/usr/share/texlive/texmf-dist/tex/generic/pgf/math/pgfmathcalc.code.tex
(/usr/share/texlive/texmf-dist/tex/generic/pgf/math/pgfmathutil.code.tex)
(/usr/share/texlive/texmf-dist/tex/generic/pgf/math/pgfmathparser.code.tex
\pgfmath@dimen=\dimen176
\pgfmath@count=\count287
\pgfmath@box=\box60
\pgfmath@toks=\toks25
\pgfmath@stack@operand=\toks26
\pgfmath@stack@operation=\toks27
)
(/usr/share/texlive/texmf-dist/tex/generic/pgf/math/pgfmathfunctions.code.tex
(/usr/share/texlive/texmf-dist/tex/generic/pgf/math/pgfmathfunctions.basic.code
.tex)
(/usr/share/texlive/texmf-dist/tex/generic/pgf/math/pgfmathfunctions.trigonomet
ric.code.tex)
(/usr/share/texlive/texmf-dist/tex/generic/pgf/math/pgfmathfunctions.random.cod
e.tex)
(/usr/share/texlive/texmf-dist/tex/generic/pgf/math/pgfmathfunctions.comparison
.code.tex)
(/usr/share/texlive/texmf-dist/tex/generic/pgf/math/pgfmathfunctions.base.code.
tex)
(/usr/share/texlive/texmf-dist/tex/generic/pgf/math/pgfmathfunctions.round.code
.tex)
(/usr/share/texlive/texmf-dist/tex/generic/pgf/math/pgfmathfunctions.misc.code.
tex)
(/usr/share/texlive/texmf-dist/tex/generic/pgf/math/pgfmathfunctions.integerari
thmetics.code.tex)))
(/usr/share/texlive/texmf-dist/tex/generic/pgf/math/pgfmathfloat.code.tex
\c@pgfmathroundto@lastzeros=\count288
))
(/usr/share/texlive/texmf-dist/tex/generic/pgf/math/pgfint.code.tex)
(/usr/share/texlive/texmf-dist/tex/generic/pgf/basiclayer/pgfcorepoints.code.te
x
File: pgfcorepoints.code.tex 2021/05/15 v3.1.9a (3.1.9a)
\pgf@picminx=\dimen177
\pgf@picmaxx=\dimen178
\pgf@picminy=\dimen179
\pgf@picmaxy=\dimen180
\pgf@pathminx=\dimen181
\pgf@pathmaxx=\dimen182
\pgf@pathminy=\dimen183
\pgf@pathmaxy=\dimen184
\pgf@xx=\dimen185
\pgf@xy=\dimen186
\pgf@yx=\dimen187
\pgf@yy=\dimen188
\pgf@zx=\dimen189
\pgf@zy=\dimen190
)
(/usr/share/texlive/texmf-dist/tex/generic/pgf/basiclayer/pgfcorepathconstruct.
code.tex
File: pgfcorepathconstruct.code.tex 2021/05/15 v3.1.9a (3.1.9a)
\pgf@path@lastx=\dimen191
\pgf@path@lasty=\dimen192
)
(/usr/share/texlive/texmf-dist/tex/generic/pgf/basiclayer/pgfcorepathusage.code
.tex
File: pgfcorepathusage.code.tex 2021/05/15 v3.1.9a (3.1.9a)
\pgf@shorten@end@additional=\dimen193
\pgf@shorten@start@additional=\dimen194
)
(/usr/share/texlive/texmf-dist/tex/generic/pgf/basiclayer/pgfcorescopes.code.te
x
File: pgfcorescopes.code.tex 2021/05/15 v3.1.9a (3.1.9a)
\pgfpic=\box61
\pgf@hbox=\box62
\pgf@layerbox@main=\box63
\pgf@picture@serial@count=\count289
)
(/usr/share/texlive/texmf-dist/tex/generic/pgf/basiclayer/pgfcoregraphicstate.c
ode.tex
File: pgfcoregraphicstate.code.tex 2021/05/15 v3.1.9a (3.1.9a)
\pgflinewidth=\dimen195
)
(/usr/share/texlive/texmf-dist/tex/generic/pgf/basiclayer/pgfcoretransformation
s.code.tex
File: pgfcoretransformations.code.tex 2021/05/15 v3.1.9a (3.1.9a)
\pgf@pt@x=\dimen196
\pgf@pt@y=\dimen197
\pgf@pt@temp=\dimen198
)
(/usr/share/texlive/texmf-dist/tex/generic/pgf/basiclayer/pgfcorequick.code.tex
File: pgfcorequick.code.tex 2021/05/15 v3.1.9a (3.1.9a)
)
(/usr/share/texlive/texmf-dist/tex/generic/pgf/basiclayer/pgfcoreobjects.code.t
ex
File: pgfcoreobjects.code.tex 2021/05/15 v3.1.9a (3.1.9a)
)
(/usr/share/texlive/texmf-dist/tex/generic/pgf/basiclayer/pgfcorepathprocessing
.code.tex
File: pgfcorepathprocessing.code.tex 2021/05/15 v3.1.9a (3.1.9a)
)
(/usr/share/texlive/texmf-dist/tex/generic/pgf/basiclayer/pgfcorearrows.code.te
x
File: pgfcorearrows.code.tex 2021/05/15 v3.1.9a (3.1.9a)
\pgfarrowsep=\dimen199
)
(/usr/share/texlive/texmf-dist/tex/generic/pgf/basiclayer/pgfcoreshade.code.tex
File: pgfcoreshade.code.tex 2021/05/15 v3.1.9a (3.1.9a)
\pgf@max=\dimen256
\pgf@sys@shading@range@num=\count290
\pgf@shadingcount=\count291
)
(/usr/share/texlive/texmf-dist/tex/generic/pgf/basiclayer/pgfcoreimage.code.tex
File: pgfcoreimage.code.tex 2021/05/15 v3.1.9a (3.1.9a)

(/usr/share/texlive/texmf-dist/tex/generic/pgf/basiclayer/pgfcoreexternal.code.
tex
File: pgfcoreexternal.code.tex 2021/05/15 v3.1.9a (3.1.9a)
\pgfexternal@startupbox=\box64
))
(/usr/share/texlive/texmf-dist/tex/generic/pgf/basiclayer/pgfcorelayers.code.te
x
File: pgfcorelayers.code.tex 2021/05/15 v3.1.9a (3.1.9a)
)
(/usr/share/texlive/texmf-dist/tex/generic/pgf/basiclayer/pgfcoretransparency.c
ode.tex
File: pgfcoretransparency.code.tex 2021/05/15 v3.1.9a (3.1.9a)
)
(/usr/share/texlive/texmf-dist/tex/generic/pgf/basiclayer/pgfcorepatterns.code.
tex
File: pgfcorepatterns.code.tex 2021/05/15 v3.1.9a (3.1.9a)
)
(/usr/share/texlive/texmf-dist/tex/generic/pgf/basiclayer/pgfcorerdf.code.tex
File: pgfcorerdf.code.tex 2021/05/15 v3.1.9a (3.1.9a)
))) (/usr/share/texlive/texmf-dist/tex/latex/extsizes/size8.clo
File: size8.clo 1999/11/11 v1.4a NON-Standard LaTeX file (size option)
)
(/usr/share/texlive/texmf-dist/tex/latex/pgf/utilities/xxcolor.sty
Package: xxcolor 2003/10/24 ver 0.1
\XC@nummixins=\count292
\XC@countmixins=\count293
)
(/usr/share/texlive/texmf-dist/tex/latex/base/atbegshi-ltx.sty
Package: atbegshi-ltx 2021/01/10 v1.0c Emulation of the original atbegshi
package with kernel methods
)
(/usr/share/texlive/texmf-dist/tex/latex/hyperref/hyperref.sty
Package: hyperref 2021-06-07 v7.00m Hypertext links for LaTeX

(/usr/share/texlive/texmf-dist/tex/generic/ltxcmds/ltxcmds.sty
Package: ltxcmds 2020-05-10 v1.25 LaTeX kernel commands for general use (HO)
)
(/usr/share/texlive/texmf-dist/tex/generic/pdftexcmds/pdftexcmds.sty
Package: pdftexcmds 2020-06-27 v0.33 Utility functions of pdfTeX for LuaTeX (HO
)

(/usr/share/texlive/texmf-dist/tex/generic/infwarerr/infwarerr.sty
Package: infwarerr 2019/12/03 v1.5 Providing info/warning/error messages (HO)
)
Package pdftexcmds Info: \pdf@primitive is available.
Package pdftexcmds Info: \pdf@ifprimitive is available.
Package pdftexcmds Info: \pdfdraftmode found.
)
(/usr/share/texlive/texmf-dist/tex/generic/kvsetkeys/kvsetkeys.sty
Package: kvsetkeys 2019/12/15 v1.18 Key value parser (HO)
)
(/usr/share/texlive/texmf-dist/tex/generic/kvdefinekeys/kvdefinekeys.sty
Package: kvdefinekeys 2019-12-19 v1.6 Define keys (HO)
)
(/usr/share/texlive/texmf-dist/tex/generic/pdfescape/pdfescape.sty
Package: pdfescape 2019/12/09 v1.15 Implements pdfTeX's escape features (HO)
)
(/usr/share/texlive/texmf-dist/tex/latex/hycolor/hycolor.sty
Package: hycolor 2020-01-27 v1.10 Color options for hyperref/bookmark (HO)
)
(/usr/share/texlive/texmf-dist/tex/latex/letltxmacro/letltxmacro.sty
Package: letltxmacro 2019/12/03 v1.6 Let assignment for LaTeX macros (HO)
)
(/usr/share/texlive/texmf-dist/tex/latex/auxhook/auxhook.sty
Package: auxhook 2019-12-17 v1.6 Hooks for auxiliary files (HO)
)
(/usr/share/texlive/texmf-dist/tex/latex/kvoptions/kvoptions.sty
Package: kvoptions 2020-10-07 v3.14 Key value format for package options (HO)
)
\@linkdim=\dimen257
\Hy@linkcounter=\count294
\Hy@pagecounter=\count295

(/usr/share/texlive/texmf-dist/tex/latex/hyperref/pd1enc.def
File: pd1enc.def 2021-06-07 v7.00m Hyperref: PDFDocEncoding definition (HO)
Now handling font encoding PD1 ...
... no UTF-8 mapping file for font encoding PD1
)
(/usr/share/texlive/texmf-dist/tex/latex/hyperref/hyperref-langpatches.def
File: hyperref-langpatches.def 2021-06-07 v7.00m Hyperref: patches for babel la
nguages
)
(/usr/share/texlive/texmf-dist/tex/generic/intcalc/intcalc.sty
Package: intcalc 2019/12/15 v1.3 Expandable calculations with integers (HO)
)
(/usr/share/texlive/texmf-dist/tex/generic/etexcmds/etexcmds.sty
Package: etexcmds 2019/12/15 v1.7 Avoid name clashes with e-TeX commands (HO)
)
\Hy@SavedSpaceFactor=\count296

(/usr/share/texlive/texmf-dist/tex/latex/hyperref/puenc.def
File: puenc.def 2021-06-07 v7.00m Hyperref: PDF Unicode definition (HO)
Now handling font encoding PU ...
... no UTF-8 mapping file for font encoding PU
)
Package hyperref Info: Option `bookmarks' set `true' on input line 4073.
Package hyperref Info: Option `bookmarksopen' set `true' on input line 4073.
Package hyperref Info: Option `implicit' set `false' on input line 4073.
Package hyperref Info: Hyper figures OFF on input line 4192.
Package hyperref Info: Link nesting OFF on input line 4197.
Package hyperref Info: Hyper index ON on input line 4200.
Package hyperref Info: Plain pages OFF on input line 4207.
Package hyperref Info: Backreferencing OFF on input line 4212.
Package hyperref Info: Implicit mode OFF; no redefinition of LaTeX internals.
Package hyperref Info: Bookmarks ON on input line 4445.
\c@Hy@tempcnt=\count297

(/usr/share/texlive/texmf-dist/tex/latex/url/url.sty
\Urlmuskip=\muskip16
Package: url 2013/09/16  ver 3.4  Verb mode for urls, etc.
)
LaTeX Info: Redefining \url on input line 4804.
\XeTeXLinkMargin=\dimen258

(/usr/share/texlive/texmf-dist/tex/generic/bitset/bitset.sty
Package: bitset 2019/12/09 v1.3 Handle bit-vector datatype (HO)

(/usr/share/texlive/texmf-dist/tex/generic/bigintcalc/bigintcalc.sty
Package: bigintcalc 2019/12/15 v1.5 Expandable calculations on big integers (HO
)
))
\Fld@menulength=\count298
\Field@Width=\dimen259
\Fld@charsize=\dimen260
Package hyperref Info: Hyper figures OFF on input line 6076.
Package hyperref Info: Link nesting OFF on input line 6081.
Package hyperref Info: Hyper index ON on input line 6084.
Package hyperref Info: backreferencing OFF on input line 6091.
Package hyperref Info: Link coloring OFF on input line 6096.
Package hyperref Info: Link coloring with OCG OFF on input line 6101.
Package hyperref Info: PDF/A mode OFF on input line 6106.
LaTeX Info: Redefining \ref on input line 6146.
LaTeX Info: Redefining \pageref on input line 6150.
\Hy@abspage=\count299


Package hyperref Message: Stopped early.

)
Package hyperref Info: Driver (autodetected): hpdftex.
 (/usr/share/texlive/texmf-dist/tex/latex/hyperref/hpdftex.def
File: hpdftex.def 2021-06-07 v7.00m Hyperref driver for pdfTeX

(/usr/share/texlive/texmf-dist/tex/latex/base/atveryend-ltx.sty
Package: atveryend-ltx 2020/08/19 v1.0a Emulation of the original atveryend pac
kage
with kernel methods
)
\Fld@listcount=\count300
\c@bookmark@seq@number=\count301

(/usr/share/texlive/texmf-dist/tex/latex/rerunfilecheck/rerunfilecheck.sty
Package: rerunfilecheck 2019/12/05 v1.9 Rerun checks for auxiliary files (HO)

(/usr/share/texlive/texmf-dist/tex/generic/uniquecounter/uniquecounter.sty
Package: uniquecounter 2019/12/15 v1.4 Provide unlimited unique counter (HO)
)
Package uniquecounter Info: New unique counter `rerunfilecheck' on input line 2
86.
))
(/usr/share/texlive/texmf-dist/tex/latex/beamer/beamerbaserequires.sty
(/usr/share/texlive/texmf-dist/tex/latex/beamer/beamerbasecompatibility.sty)
(/usr/share/texlive/texmf-dist/tex/latex/beamer/beamerbasefont.sty
(/usr/share/texlive/texmf-dist/tex/latex/amsfonts/amssymb.sty
Package: amssymb 2013/01/14 v3.01 AMS font symbols

(/usr/share/texlive/texmf-dist/tex/latex/amsfonts/amsfonts.sty
Package: amsfonts 2013/01/14 v3.01 Basic AMSFonts support
\@emptytoks=\toks28
\symAMSa=\mathgroup4
\symAMSb=\mathgroup5
LaTeX Font Info:    Redeclaring math symbol \hbar on input line 98.
LaTeX Font Info:    Overwriting math alphabet `\mathfrak' in version `bold'
(Font)                  U/euf/m/n --> U/euf/b/n on input line 106.
)))
(/usr/share/texlive/texmf-dist/tex/latex/beamer/beamerbasetranslator.sty
(/usr/share/texlive/texmf-dist/tex/latex/translator/translator.sty
Package: translator 2021-05-31 v1.12d Easy translation of strings in LaTeX
))
(/usr/share/texlive/texmf-dist/tex/latex/beamer/beamerbasemisc.sty)
(/usr/share/texlive/texmf-dist/tex/latex/beamer/beamerbasetwoscreens.sty)
(/usr/share/texlive/texmf-dist/tex/latex/beamer/beamerbaseoverlay.sty
\beamer@argscount=\count302
\beamer@lastskipcover=\skip50
\beamer@trivlistdepth=\count303
)
(/usr/share/texlive/texmf-dist/tex/latex/beamer/beamerbasetitle.sty)
(/usr/share/texlive/texmf-dist/tex/latex/beamer/beamerbasesection.sty
\c@lecture=\count304
\c@part=\count305
\c@section=\count306
\c@subsection=\count307
\c@subsubsection=\count308
)
(/usr/share/texlive/texmf-dist/tex/latex/beamer/beamerbaseframe.sty
\beamer@framebox=\box65
\beamer@frametitlebox=\box66
\beamer@zoombox=\box67
\beamer@zoomcount=\count309
\beamer@zoomframecount=\count310
\beamer@frametextheight=\dimen261
\c@subsectionslide=\count311
\beamer@frametopskip=\skip51
\beamer@framebottomskip=\skip52
\beamer@frametopskipautobreak=\skip53
\beamer@framebottomskipautobreak=\skip54
\beamer@envbody=\toks29
\framewidth=\dimen262
\c@framenumber=\count312
)
(/usr/share/texlive/texmf-dist/tex/latex/beamer/beamerbaseverbatim.sty
\beamer@verbatimfileout=\write4
)
(/usr/share/texlive/texmf-dist/tex/latex/beamer/beamerbaseframesize.sty
\beamer@splitbox=\box68
\beamer@autobreakcount=\count313
\beamer@autobreaklastheight=\dimen263
\beamer@frametitletoks=\toks30
\beamer@framesubtitletoks=\toks31
)
(/usr/share/texlive/texmf-dist/tex/latex/beamer/beamerbaseframecomponents.sty
\beamer@footins=\box69
)
(/usr/share/texlive/texmf-dist/tex/latex/beamer/beamerbasecolor.sty)
(/usr/share/texlive/texmf-dist/tex/latex/beamer/beamerbasenotes.sty
\beamer@frameboxcopy=\box70
)
(/usr/share/texlive/texmf-dist/tex/latex/beamer/beamerbasetoc.sty)
(/usr/share/texlive/texmf-dist/tex/latex/beamer/beamerbasetemplates.sty
\beamer@sbttoks=\toks32

(/usr/share/texlive/texmf-dist/tex/latex/beamer/beamerbaseauxtemplates.sty
(/usr/share/texlive/texmf-dist/tex/latex/beamer/beamerbaseboxes.sty
\bmb@box=\box71
\bmb@colorbox=\box72
\bmb@boxwidth=\dimen264
\bmb@boxheight=\dimen265
\bmb@prevheight=\dimen266
\bmb@temp=\dimen267
\bmb@dima=\dimen268
\bmb@dimb=\dimen269
\bmb@prevheight=\dimen270
)
\beamer@blockheadheight=\dimen271
))
(/usr/share/texlive/texmf-dist/tex/latex/beamer/beamerbaselocalstructure.sty
(/usr/share/texlive/texmf-dist/tex/latex/tools/enumerate.sty
Package: enumerate 2015/07/23 v3.00 enumerate extensions (DPC)
\@enLab=\toks33
)
\beamer@bibiconwidth=\skip55
\c@figure=\count314
\c@table=\count315
\abovecaptionskip=\skip56
\belowcaptionskip=\skip57
)
(/usr/share/texlive/texmf-dist/tex/latex/beamer/beamerbasenavigation.sty
\beamer@section@min@dim=\dimen272
)
(/usr/share/texlive/texmf-dist/tex/latex/beamer/beamerbasetheorems.sty
(/usr/share/texlive/texmf-dist/tex/latex/amsmath/amsmath.sty
Package: amsmath 2021/10/15 v2.17l AMS math features
\@mathmargin=\skip58

For additional information on amsmath, use the `?' option.
(/usr/share/texlive/texmf-dist/tex/latex/amsmath/amstext.sty
Package: amstext 2021/08/26 v2.01 AMS text

(/usr/share/texlive/texmf-dist/tex/latex/amsmath/amsgen.sty
File: amsgen.sty 1999/11/30 v2.0 generic functions
\@emptytoks=\toks34
\ex@=\dimen273
))
(/usr/share/texlive/texmf-dist/tex/latex/amsmath/amsbsy.sty
Package: amsbsy 1999/11/29 v1.2d Bold Symbols
\pmbraise@=\dimen274
)
(/usr/share/texlive/texmf-dist/tex/latex/amsmath/amsopn.sty
Package: amsopn 2021/08/26 v2.02 operator names
)
\inf@bad=\count316
LaTeX Info: Redefining \frac on input line 234.
\uproot@=\count317
\leftroot@=\count318
LaTeX Info: Redefining \overline on input line 399.
\classnum@=\count319
\DOTSCASE@=\count320
LaTeX Info: Redefining \ldots on input line 496.
LaTeX Info: Redefining \dots on input line 499.
LaTeX Info: Redefining \cdots on input line 620.
\Mathstrutbox@=\box73
\strutbox@=\box74
\big@size=\dimen275
LaTeX Font Info:    Redeclaring font encoding OML on input line 743.
LaTeX Font Info:    Redeclaring font encoding OMS on input line 744.
\macc@depth=\count321
\c@MaxMatrixCols=\count322
\dotsspace@=\muskip17
\c@parentequation=\count323
\dspbrk@lvl=\count324
\tag@help=\toks35
\row@=\count325
\column@=\count326
\maxfields@=\count327
\andhelp@=\toks36
\eqnshift@=\dimen276
\alignsep@=\dimen277
\tagshift@=\dimen278
\tagwidth@=\dimen279
\totwidth@=\dimen280
\lineht@=\dimen281
\@envbody=\toks37
\multlinegap=\skip59
\multlinetaggap=\skip60
\mathdisplay@stack=\toks38
LaTeX Info: Redefining \[ on input line 2938.
LaTeX Info: Redefining \] on input line 2939.
)
(/usr/share/texlive/texmf-dist/tex/latex/amscls/amsthm.sty
Package: amsthm 2020/05/29 v2.20.6
\thm@style=\toks39
\thm@bodyfont=\toks40
\thm@headfont=\toks41
\thm@notefont=\toks42
\thm@headpunct=\toks43
\thm@preskip=\skip61
\thm@postskip=\skip62
\thm@headsep=\skip63
\dth@everypar=\toks44
)
\c@theorem=\count328
)
(/usr/share/texlive/texmf-dist/tex/latex/beamer/beamerbasethemes.sty))
(/usr/share/texlive/texmf-dist/tex/latex/beamer/beamerthemedefault.sty
(/usr/share/texlive/texmf-dist/tex/latex/beamer/beamerfontthemedefault.sty)
(/usr/share/texlive/texmf-dist/tex/latex/beamer/beamercolorthemedefault.sty)
(/usr/share/texlive/texmf-dist/tex/latex/beamer/beamerinnerthemedefault.sty
\beamer@dima=\dimen282
\beamer@dimb=\dimen283
)
(/usr/share/texlive/texmf-dist/tex/latex/beamer/beamerouterthemedefault.sty)))
(/usr/share/texlive/texmf-dist/tex/latex/beamer/beamerthemeBoadilla.sty
(/usr/share/texlive/texmf-dist/tex/latex/beamer/beamercolorthemerose.sty)
(/usr/share/texlive/texmf-dist/tex/latex/beamer/beamerinnerthemerounded.sty)
(/usr/share/texlive/texmf-dist/tex/latex/beamer/beamercolorthemedolphin.sty)
(/usr/share/texlive/texmf-dist/tex/latex/beamer/beamerouterthemeinfolines.sty))
(/usr/share/texlive/texmf-dist/tex/latex/base/inputenc.sty
Package: inputenc 2021/02/14 v1.3d Input encoding file
\inpenc@prehook=\toks45
\inpenc@posthook=\toks46
)
(/usr/share/texlive/texmf-dist/tex/latex/subfig/subfig.sty
Package: subfig 2005/06/28 ver: 1.3 subfig package

(/usr/share/texlive/texmf-dist/tex/latex/caption/caption.sty
Package: caption 2020/10/26 v3.5g Customizing captions (AR)

(/usr/share/texlive/texmf-dist/tex/latex/caption/caption3.sty
Package: caption3 2020/10/21 v2.2e caption3 kernel (AR)
\captionmargin=\dimen284
\captionmargin@=\dimen285
\captionwidth=\dimen286
\caption@tempdima=\dimen287
\caption@indent=\dimen288
\caption@parindent=\dimen289
\caption@hangindent=\dimen290
Package caption Info: beamer document class detected.

(/usr/share/texlive/texmf-dist/tex/latex/caption/caption-beamer.sto
File: caption-beamer.sto 2020/08/22 v2.0 Adaption of the caption package to the
 beamer document classes (AR)
))
\c@caption@flags=\count329
\c@continuedfloat=\count330
Package caption Info: hyperref package is loaded.
Package caption Info: Hyperref support is turned off
(caption)             because hyperref has stopped early.
)
\c@KVtest=\count331
\sf@farskip=\skip64
\sf@captopadj=\dimen291
\sf@capskip=\skip65
\sf@nearskip=\skip66
\c@subfigure=\count332
\c@subfigure@save=\count333
\c@depth=\count334
\c@subtable=\count335
\c@subtable@save=\count336
\sf@top=\skip67
\sf@bottom=\skip68
)
(/usr/share/texlive/texmf-dist/tex/latex/siunitx/siunitx.sty
Package: siunitx 2022-02-02 v3.0.46 A comprehensive (SI) units package
\l__siunitx_angle_tmp_dim=\dimen292
\l__siunitx_angle_marker_box=\box75
\l__siunitx_angle_unit_box=\box76
\l__siunitx_compound_count_int=\count337

(/usr/share/texlive/texmf-dist/tex/latex/translations/translations.sty
Package: translations 2022/01/04 v1.11 internationalization of LaTeX2e packages
 (CN)
)
\l__siunitx_number_exponent_fixed_int=\count338
\l__siunitx_number_min_decimal_int=\count339
\l__siunitx_number_min_integer_int=\count340
\l__siunitx_number_round_precision_int=\count341
\l__siunitx_number_group_minimum_int=\count342
\l__siunitx_table_tmp_box=\box77
\l__siunitx_table_tmp_dim=\dimen293
\l__siunitx_table_column_width_dim=\dimen294
\l__siunitx_table_integer_box=\box78
\l__siunitx_table_decimal_box=\box79
\l__siunitx_table_before_box=\box80
\l__siunitx_table_after_box=\box81
\l__siunitx_table_before_dim=\dimen295
\l__siunitx_table_carry_dim=\dimen296
\l__siunitx_unit_tmp_int=\count343
\l__siunitx_unit_position_int=\count344
\l__siunitx_unit_total_int=\count345

(/usr/share/texlive/texmf-dist/tex/latex/l3packages/l3keys2e/l3keys2e.sty
(/usr/share/texlive/texmf-dist/tex/latex/l3kernel/expl3.sty
Package: expl3 2022-01-21 L3 programming layer (loader) 

(/usr/share/texlive/texmf-dist/tex/latex/l3backend/l3backend-pdftex.def
File: l3backend-pdftex.def 2022-01-12 L3 backend support: PDF output (pdfTeX)
\l__color_backend_stack_int=\count346
\l__pdf_internal_box=\box82
))
Package: l3keys2e 2022-01-12 LaTeX2e option processing using LaTeX3 keys
)
(/usr/share/texlive/texmf-dist/tex/latex/tools/array.sty
Package: array 2021/10/04 v2.5f Tabular extension package (FMi)
\col@sep=\dimen297
\ar@mcellbox=\box83
\extrarowheight=\dimen298
\NC@list=\toks47
\extratabsurround=\skip69
\backup@length=\skip70
\ar@cellbox=\box84
))

Package hyperref Warning: Token not allowed in a PDF string (Unicode):
(hyperref)                removing `\\' on input line 17.

Package translations Info: No language package found. I am going to use `englis
h' as default language. on input line 32.
(./hyperfine1.aux)
\openout1 = `hyperfine1.aux'.

LaTeX Font Info:    Checking defaults for OML/cmm/m/it on input line 32.
LaTeX Font Info:    ... okay on input line 32.
LaTeX Font Info:    Checking defaults for OMS/cmsy/m/n on input line 32.
LaTeX Font Info:    ... okay on input line 32.
LaTeX Font Info:    Checking defaults for OT1/cmr/m/n on input line 32.
LaTeX Font Info:    ... okay on input line 32.
LaTeX Font Info:    Checking defaults for T1/cmr/m/n on input line 32.
LaTeX Font Info:    ... okay on input line 32.
LaTeX Font Info:    Checking defaults for TS1/cmr/m/n on input line 32.
LaTeX Font Info:    ... okay on input line 32.
LaTeX Font Info:    Checking defaults for OMX/cmex/m/n on input line 32.
LaTeX Font Info:    ... okay on input line 32.
LaTeX Font Info:    Checking defaults for U/cmr/m/n on input line 32.
LaTeX Font Info:    ... okay on input line 32.
LaTeX Font Info:    Checking defaults for PD1/pdf/m/n on input line 32.
LaTeX Font Info:    ... okay on input line 32.
LaTeX Font Info:    Checking defaults for PU/pdf/m/n on input line 32.
LaTeX Font Info:    ... okay on input line 32.

*geometry* driver: auto-detecting
*geometry* detected driver: pdftex
*geometry* verbose mode - [ preamble ] result:
* driver: pdftex
* paper: custom
* layout: <same size as paper>
* layoutoffset:(h,v)=(0.0pt,0.0pt)
* modes: includehead includefoot 
* h-part:(L,W,R)=(8.50012pt, 347.19511pt, 8.50012pt)
* v-part:(T,H,B)=(0.0pt, 273.14662pt, 0.0pt)
* \paperwidth=364.19536pt
* \paperheight=273.14662pt
* \textwidth=347.19511pt
* \textheight=244.6939pt
* \oddsidemargin=-63.76987pt
* \evensidemargin=-63.76987pt
* \topmargin=-72.26999pt
* \headheight=14.22636pt
* \headsep=0.0pt
* \topskip=9.0pt
* \footskip=14.22636pt
* \marginparwidth=4.0pt
* \marginparsep=10.0pt
* \columnsep=10.0pt
* \skip\footins=7.0pt plus 4.0pt minus 2.0pt
* \hoffset=0.0pt
* \voffset=0.0pt
* \mag=1000
* \@twocolumnfalse
* \@twosidefalse
* \@mparswitchfalse
* \@reversemarginfalse
* (1in=72.27pt=25.4mm, 1cm=28.453pt)

(/usr/share/texlive/texmf-dist/tex/context/base/mkii/supp-pdf.mkii
[Loading MPS to PDF converter (version 2006.09.02).]
\scratchcounter=\count347
\scratchdimen=\dimen299
\scratchbox=\box85
\nofMPsegments=\count348
\nofMParguments=\count349
\everyMPshowfont=\toks48
\MPscratchCnt=\count350
\MPscratchDim=\dimen300
\MPnumerator=\count351
\makeMPintoPDFobject=\count352
\everyMPtoPDFconversion=\toks49
) (/usr/share/texlive/texmf-dist/tex/latex/epstopdf-pkg/epstopdf-base.sty
Package: epstopdf-base 2020-01-24 v2.11 Base part for package epstopdf
Package epstopdf-base Info: Redefining graphics rule for `.eps' on input line 4
85.

(/usr/share/texlive/texmf-dist/tex/latex/latexconfig/epstopdf-sys.cfg
File: epstopdf-sys.cfg 2010/07/13 v1.3 Configuration of (r)epstopdf for TeX Liv
e
))
Package hyperref Info: Link coloring OFF on input line 32.

(/usr/share/texlive/texmf-dist/tex/latex/hyperref/nameref.sty
Package: nameref 2021-04-02 v2.47 Cross-referencing by name of section

(/usr/share/texlive/texmf-dist/tex/latex/refcount/refcount.sty
Package: refcount 2019/12/15 v3.6 Data extraction from label references (HO)
)
(/usr/share/texlive/texmf-dist/tex/generic/gettitlestring/gettitlestring.sty
Package: gettitlestring 2019/12/15 v1.6 Cleanup title references (HO)
)
\c@section@level=\count353
)
LaTeX Info: Redefining \ref on input line 32.
LaTeX Info: Redefining \pageref on input line 32.
LaTeX Info: Redefining \nameref on input line 32.

(./hyperfine1.out) (./hyperfine1.out)
\@outlinefile=\write5
\openout5 = `hyperfine1.out'.

LaTeX Font Info:    Overwriting symbol font `operators' in version `normal'
(Font)                  OT1/cmr/m/n --> OT1/cmss/m/n on input line 32.
LaTeX Font Info:    Overwriting symbol font `operators' in version `bold'
(Font)                  OT1/cmr/bx/n --> OT1/cmss/b/n on input line 32.
\symnumbers=\mathgroup6
\sympureletters=\mathgroup7
LaTeX Font Info:    Overwriting math alphabet `\mathrm' in version `normal'
(Font)                  OT1/cmss/m/n --> OT1/cmr/m/n on input line 32.
LaTeX Font Info:    Redeclaring math alphabet \mathbf on input line 32.
LaTeX Font Info:    Overwriting math alphabet `\mathbf' in version `normal'
(Font)                  OT1/cmr/bx/n --> OT1/cmss/b/n on input line 32.
LaTeX Font Info:    Overwriting math alphabet `\mathbf' in version `bold'
(Font)                  OT1/cmr/bx/n --> OT1/cmss/b/n on input line 32.
LaTeX Font Info:    Redeclaring math alphabet \mathsf on input line 32.
LaTeX Font Info:    Overwriting math alphabet `\mathsf' in version `normal'
(Font)                  OT1/cmss/m/n --> OT1/cmss/m/n on input line 32.
LaTeX Font Info:    Overwriting math alphabet `\mathsf' in version `bold'
(Font)                  OT1/cmss/bx/n --> OT1/cmss/m/n on input line 32.
LaTeX Font Info:    Redeclaring math alphabet \mathit on input line 32.
LaTeX Font Info:    Overwriting math alphabet `\mathit' in version `normal'
(Font)                  OT1/cmr/m/it --> OT1/cmss/m/it on input line 32.
LaTeX Font Info:    Overwriting math alphabet `\mathit' in version `bold'
(Font)                  OT1/cmr/bx/it --> OT1/cmss/m/it on input line 32.
LaTeX Font Info:    Redeclaring math alphabet \mathtt on input line 32.
LaTeX Font Info:    Overwriting math alphabet `\mathtt' in version `normal'
(Font)                  OT1/cmtt/m/n --> OT1/cmtt/m/n on input line 32.
LaTeX Font Info:    Overwriting math alphabet `\mathtt' in version `bold'
(Font)                  OT1/cmtt/m/n --> OT1/cmtt/m/n on input line 32.
LaTeX Font Info:    Overwriting symbol font `numbers' in version `bold'
(Font)                  OT1/cmss/m/n --> OT1/cmss/b/n on input line 32.
LaTeX Font Info:    Overwriting symbol font `pureletters' in version `bold'
(Font)                  OT1/cmss/m/it --> OT1/cmss/b/it on input line 32.
LaTeX Font Info:    Overwriting math alphabet `\mathrm' in version `bold'
(Font)                  OT1/cmss/b/n --> OT1/cmr/b/n on input line 32.
LaTeX Font Info:    Overwriting math alphabet `\mathbf' in version `bold'
(Font)                  OT1/cmss/b/n --> OT1/cmss/b/n on input line 32.
LaTeX Font Info:    Overwriting math alphabet `\mathsf' in version `bold'
(Font)                  OT1/cmss/m/n --> OT1/cmss/b/n on input line 32.
LaTeX Font Info:    Overwriting math alphabet `\mathit' in version `bold'
(Font)                  OT1/cmss/m/it --> OT1/cmss/b/it on input line 32.
LaTeX Font Info:    Overwriting math alphabet `\mathtt' in version `bold'
(Font)                  OT1/cmtt/m/n --> OT1/cmtt/b/n on input line 32.

(/usr/share/texlive/texmf-dist/tex/latex/translator/translator-basic-dictionary
-English.dict
Dictionary: translator-basic-dictionary, Language: English 
)
(/usr/share/texlive/texmf-dist/tex/latex/translator/translator-bibliography-dic
tionary-English.dict
Dictionary: translator-bibliography-dictionary, Language: English 
)
(/usr/share/texlive/texmf-dist/tex/latex/translator/translator-environment-dict
ionary-English.dict
Dictionary: translator-environment-dictionary, Language: English 
)
(/usr/share/texlive/texmf-dist/tex/latex/translator/translator-months-dictionar
y-English.dict
Dictionary: translator-months-dictionary, Language: English 
)
(/usr/share/texlive/texmf-dist/tex/latex/translator/translator-numbers-dictiona
ry-English.dict
Dictionary: translator-numbers-dictionary, Language: English 
)
(/usr/share/texlive/texmf-dist/tex/latex/translator/translator-theorem-dictiona
ry-English.dict
Dictionary: translator-theorem-dictionary, Language: English 
)
Package caption Info: Begin \AtBeginDocument code.
Package caption Info: subfig package v1.3 is loaded.
Package caption Info: End \AtBeginDocument code.

(/usr/share/texlive/texmf-dist/tex/latex/translations/translations-basic-dictio
nary-english.trsl
File: translations-basic-dictionary-english.trsl (english translation file `tra
nslations-basic-dictionary')
)
Package translations Info: loading dictionary `translations-basic-dictionary' f
or `english'. on input line 32.
 (./hyperfine1.nav)
<../../../logo/logounibs.png, id=14, 224.84pt x 225.84375pt>
File: ../../../logo/logounibs.png Graphic file (type png)
<use ../../../logo/logounibs.png>
Package pdftex.def Info: ../../../logo/logounibs.png  used on input line 36.
(pdftex.def)             Requested size: 41.66171pt x 41.8459pt.
<../../../logo/1_Pisa_LOGO_SIGLA.pdf, id=15, 597.51233pt x 270.40923pt>
File: ../../../logo/1_Pisa_LOGO_SIGLA.pdf Graphic file (type pdf)
<use ../../../logo/1_Pisa_LOGO_SIGLA.pdf>
Package pdftex.def Info: ../../../logo/1_Pisa_LOGO_SIGLA.pdf  used on input lin
e 36.
(pdftex.def)             Requested size: 86.79877pt x 39.28053pt.
<../../../logo/ALPHA_Logo.jpg, id=16, 1771.36781pt x 1154.06157pt>
File: ../../../logo/ALPHA_Logo.jpg Graphic file (type jpg)
<use ../../../logo/ALPHA_Logo.jpg>
Package pdftex.def Info: ../../../logo/ALPHA_Logo.jpg  used on input line 36.
(pdftex.def)             Requested size: 43.39938pt x 28.2633pt.
 [1

{/var/lib/texmf/fonts/map/pdftex/updmap/pdftex.map} <../../../logo/ALPHA_Logo.j
pg> <../../../logo/logounibs.png> <../../../logo/1_Pisa_LOGO_SIGLA.pdf>]
<SimulationScheme.pdf, id=66, 570.77573pt x 281.86046pt>
File: SimulationScheme.pdf Graphic file (type pdf)
<use SimulationScheme.pdf>
Package pdftex.def Info: SimulationScheme.pdf  used on input line 54.
(pdftex.def)             Requested size: 329.83429pt x 162.88567pt.
File: ../../../logo/ALPHA_Logo.jpg Graphic file (type jpg)
<use ../../../logo/ALPHA_Logo.jpg>
Package pdftex.def Info: ../../../logo/ALPHA_Logo.jpg  used on input line 54.
(pdftex.def)             Requested size: 43.39938pt x 28.2633pt.
 [2

 <./SimulationScheme.pdf>]
<DatasetContent.png, id=89, 759.83875pt x 173.64874pt>
File: DatasetContent.png Graphic file (type png)
<use DatasetContent.png>
Package pdftex.def Info: DatasetContent.png  used on input line 74.
(pdftex.def)             Requested size: 260.39633pt x 59.50877pt.
LaTeX Font Info:    Trying to load font information for U+msa on input line 74.


(/usr/share/texlive/texmf-dist/tex/latex/amsfonts/umsa.fd
File: umsa.fd 2013/01/14 v3.01 AMS symbols A
)
LaTeX Font Info:    Trying to load font information for U+msb on input line 74.


(/usr/share/texlive/texmf-dist/tex/latex/amsfonts/umsb.fd
File: umsb.fd 2013/01/14 v3.01 AMS symbols B
)
File: ../../../logo/ALPHA_Logo.jpg Graphic file (type jpg)
<use ../../../logo/ALPHA_Logo.jpg>
Package pdftex.def Info: ../../../logo/ALPHA_Logo.jpg  used on input line 74.
(pdftex.def)             Requested size: 43.39938pt x 28.2633pt.
 [3

 <./DatasetContent.png>]
File: ../../../logo/ALPHA_Logo.jpg Graphic file (type jpg)
<use ../../../logo/ALPHA_Logo.jpg>
Package pdftex.def Info: ../../../logo/ALPHA_Logo.jpg  used on input line 91.
(pdftex.def)             Requested size: 43.39938pt x 28.2633pt.
 [4

]
<../Plot/Pdf1Pdf2.pdf, id=109, 569.12625pt x 255.95625pt>
File: ../Plot/Pdf1Pdf2.pdf Graphic file (type pdf)
<use ../Plot/Pdf1Pdf2.pdf>
Package pdftex.def Info: ../Plot/Pdf1Pdf2.pdf  used on input line 102.
(pdftex.def)             Requested size: 347.19511pt x 156.1526pt.
File: ../../../logo/ALPHA_Logo.jpg Graphic file (type jpg)
<use ../../../logo/ALPHA_Logo.jpg>
Package pdftex.def Info: ../../../logo/ALPHA_Logo.jpg  used on input line 102.
(pdftex.def)             Requested size: 43.39938pt x 28.2633pt.
 [5

 <../Plot/Pdf1Pdf2.pdf, page is rotated 90 degrees>]
<TriangleLineShape.pdf, id=159, 569.12625pt x 279.0425pt>
File: TriangleLineShape.pdf Graphic file (type pdf)
<use TriangleLineShape.pdf>
Package pdftex.def Info: TriangleLineShape.pdf  used on input line 114.
(pdftex.def)             Requested size: 347.19511pt x 170.23695pt.
File: ../../../logo/ALPHA_Logo.jpg Graphic file (type jpg)
<use ../../../logo/ALPHA_Logo.jpg>
Package pdftex.def Info: ../../../logo/ALPHA_Logo.jpg  used on input line 114.
(pdftex.def)             Requested size: 43.39938pt x 28.2633pt.
 [6

 <./TriangleLineShape.pdf, page is rotated 90 degrees>]
<ExplainingAlgorithm1.pdf, id=209, 474.81761pt x 261.1222pt>
File: ExplainingAlgorithm1.pdf Graphic file (type pdf)
<use ExplainingAlgorithm1.pdf>
Package pdftex.def Info: ExplainingAlgorithm1.pdf  used on input line 125.
(pdftex.def)             Requested size: 312.47348pt x 171.84312pt.
File: ../../../logo/ALPHA_Logo.jpg Graphic file (type jpg)
<use ../../../logo/ALPHA_Logo.jpg>
Package pdftex.def Info: ../../../logo/ALPHA_Logo.jpg  used on input line 125.
(pdftex.def)             Requested size: 43.39938pt x 28.2633pt.
 [7

 <./ExplainingAlgorithm1.pdf>]
<../Plot/OnsetResult.pdf, id=236, 569.12625pt x 300.12125pt>
File: ../Plot/OnsetResult.pdf Graphic file (type pdf)
<use ../Plot/OnsetResult.pdf>
Package pdftex.def Info: ../Plot/OnsetResult.pdf  used on input line 134.
(pdftex.def)             Requested size: 312.47348pt x 164.78326pt.
File: ../../../logo/ALPHA_Logo.jpg Graphic file (type jpg)
<use ../../../logo/ALPHA_Logo.jpg>
Package pdftex.def Info: ../../../logo/ALPHA_Logo.jpg  used on input line 134.
(pdftex.def)             Requested size: 43.39938pt x 28.2633pt.

[8

 <../Plot/onsetResult.pdf, page is rotated 90 degrees>]
<../Plot/OnsetResult7.pdf, id=286, 569.12625pt x 300.12125pt>
File: ../Plot/OnsetResult7.pdf Graphic file (type pdf)
<use ../Plot/OnsetResult7.pdf>
Package pdftex.def Info: ../Plot/OnsetResult7.pdf  used on input line 145.
(pdftex.def)             Requested size: 312.47348pt x 164.78326pt.
File: ../../../logo/ALPHA_Logo.jpg Graphic file (type jpg)
<use ../../../logo/ALPHA_Logo.jpg>
Package pdftex.def Info: ../../../logo/ALPHA_Logo.jpg  used on input line 145.
(pdftex.def)             Requested size: 43.39938pt x 28.2633pt.
 [9

 <../Plot/onsetResult7.pdf, page is rotated 90 degrees>]
<ExplainingAlgorithm2.pdf, id=336, 524.62527pt x 257.1157pt>
File: ExplainingAlgorithm2.pdf Graphic file (type pdf)
<use ExplainingAlgorithm2.pdf>
Package pdftex.def Info: ExplainingAlgorithm2.pdf  used on input line 160.
(pdftex.def)             Requested size: 277.75714pt x 136.13335pt.
File: ../../../logo/ALPHA_Logo.jpg Graphic file (type jpg)
<use ../../../logo/ALPHA_Logo.jpg>
Package pdftex.def Info: ../../../logo/ALPHA_Logo.jpg  used on input line 160.
(pdftex.def)             Requested size: 43.39938pt x 28.2633pt.
 [10

 <./ExplainingAlgorithm2.pdf>]
<../Plot/OnsetResult11.pdf, id=351, 569.12625pt x 300.12125pt>
File: ../Plot/OnsetResult11.pdf Graphic file (type pdf)
<use ../Plot/OnsetResult11.pdf>
Package pdftex.def Info: ../Plot/OnsetResult11.pdf  used on input line 169.
(pdftex.def)             Requested size: 312.47348pt x 164.78326pt.
File: ../../../logo/ALPHA_Logo.jpg Graphic file (type jpg)
<use ../../../logo/ALPHA_Logo.jpg>
Package pdftex.def Info: ../../../logo/ALPHA_Logo.jpg  used on input line 169.
(pdftex.def)             Requested size: 43.39938pt x 28.2633pt.

[11

 <../Plot/onsetResult11.pdf, page is rotated 90 degrees>]
<../Plot/OnsetResult12.pdf, id=402, 569.12625pt x 300.12125pt>
File: ../Plot/OnsetResult12.pdf Graphic file (type pdf)
<use ../Plot/OnsetResult12.pdf>
Package pdftex.def Info: ../Plot/OnsetResult12.pdf  used on input line 179.
(pdftex.def)             Requested size: 312.47348pt x 164.78326pt.
File: ../../../logo/ALPHA_Logo.jpg Graphic file (type jpg)
<use ../../../logo/ALPHA_Logo.jpg>
Package pdftex.def Info: ../../../logo/ALPHA_Logo.jpg  used on input line 179.
(pdftex.def)             Requested size: 43.39938pt x 28.2633pt.
 [12

 <../Plot/onsetResult12.pdf, page is rotated 90 degrees>]
<../Plot/OnsetResult15.pdf, id=453, 569.12625pt x 300.12125pt>
File: ../Plot/OnsetResult15.pdf Graphic file (type pdf)
<use ../Plot/OnsetResult15.pdf>
Package pdftex.def Info: ../Plot/OnsetResult15.pdf  used on input line 190.
(pdftex.def)             Requested size: 312.47348pt x 164.78326pt.
File: ../../../logo/ALPHA_Logo.jpg Graphic file (type jpg)
<use ../../../logo/ALPHA_Logo.jpg>
Package pdftex.def Info: ../../../logo/ALPHA_Logo.jpg  used on input line 190.
(pdftex.def)             Requested size: 43.39938pt x 28.2633pt.
 [13

 <../Plot/onsetResult15.pdf, page is rotated 90 degrees>]
File: ../../../logo/ALPHA_Logo.jpg Graphic file (type jpg)
<use ../../../logo/ALPHA_Logo.jpg>
Package pdftex.def Info: ../../../logo/ALPHA_Logo.jpg  used on input line 198.
(pdftex.def)             Requested size: 43.39938pt x 28.2633pt.
 [14

]
<../Plot/FitToLineShape.pdf, id=510, 1076.82304pt x 643.20299pt>
File: ../Plot/FitToLineShape.pdf Graphic file (type pdf)
<use ../Plot/FitToLineShape.pdf>
Package pdftex.def Info: ../Plot/FitToLineShape.pdf  used on input line 209.
(pdftex.def)             Requested size: 277.75714pt x 165.90387pt.
File: ../../../logo/ALPHA_Logo.jpg Graphic file (type jpg)
<use ../../../logo/ALPHA_Logo.jpg>
Package pdftex.def Info: ../../../logo/ALPHA_Logo.jpg  used on input line 209.
(pdftex.def)             Requested size: 43.39938pt x 28.2633pt.
 [15

 <../Plot/FitToLineShape.pdf>]
<../Plot/TruncatedLineShape.pdf, id=582, 1076.82304pt x 643.20299pt>
File: ../Plot/TruncatedLineShape.pdf Graphic file (type pdf)
<use ../Plot/TruncatedLineShape.pdf>
Package pdftex.def Info: ../Plot/TruncatedLineShape.pdf  used on input line 231
.
(pdftex.def)             Requested size: 260.39633pt x 155.5398pt.
File: ../../../logo/ALPHA_Logo.jpg Graphic file (type jpg)
<use ../../../logo/ALPHA_Logo.jpg>
Package pdftex.def Info: ../../../logo/ALPHA_Logo.jpg  used on input line 231.
(pdftex.def)             Requested size: 43.39938pt x 28.2633pt.
 [16

 <../Plot/TruncatedLineShape.pdf>]
<ShiftedLineshape.pdf, id=658, 569.12625pt x 391.4625pt>
File: ShiftedLineshape.pdf Graphic file (type pdf)
<use ShiftedLineshape.pdf>
Package pdftex.def Info: ShiftedLineshape.pdf  used on input line 243.
(pdftex.def)             Requested size: 260.39633pt x 179.11324pt.
 [17

 <./ShiftedLineshape.pdf, page is rotated 90 degrees>]
<../Plot/CruijffLineShapes.pdf, id=708, 569.12625pt x 325.215pt>
File: ../Plot/CruijffLineShapes.pdf Graphic file (type pdf)
<use ../Plot/CruijffLineShapes.pdf>
Package pdftex.def Info: ../Plot/CruijffLineShapes.pdf  used on input line 257.

(pdftex.def)             Requested size: 243.0355pt x 138.87701pt.
 [18

 <../Plot/CruijffLineShapes.pdf, page is rotated 90 degrees>]
<../Plot/LineshapeSampled.pdf, id=759, 569.12625pt x 339.2675pt>
File: ../Plot/LineshapeSampled.pdf Graphic file (type pdf)
<use ../Plot/LineshapeSampled.pdf>
Package pdftex.def Info: ../Plot/LineshapeSampled.pdf  used on input line 268.
(pdftex.def)             Requested size: 347.19511pt x 206.97874pt.
 [19

 <../Plot/LineshapeSampled.pdf, page is rotated 90 degrees>]
File: ../../../logo/ALPHA_Logo.jpg Graphic file (type jpg)
<use ../../../logo/ALPHA_Logo.jpg>
Package pdftex.def Info: ../../../logo/ALPHA_Logo.jpg  used on input line 302.
(pdftex.def)             Requested size: 43.39938pt x 28.2633pt.
 [20

]
<../Plot/2017_foward(cosmic=0).pdf, id=816, 569.12625pt x 300.12125pt>
File: ../Plot/2017_foward(cosmic=0).pdf Graphic file (type pdf)
<use ../Plot/2017_foward(cosmic=0).pdf>
Package pdftex.def Info: ../Plot/2017_foward(cosmic=0).pdf  used on input line 
314.
(pdftex.def)             Requested size: 347.19511pt x 183.09659pt.
 [21

 <../Plot/2017_foward(cosmic=0).pdf, page is rotated 90 degrees>]
<../Plot/2017_foward.pdf, id=866, 569.12625pt x 300.12125pt>
File: ../Plot/2017_foward.pdf Graphic file (type pdf)
<use ../Plot/2017_foward.pdf>
Package pdftex.def Info: ../Plot/2017_foward.pdf  used on input line 326.
(pdftex.def)             Requested size: 347.19511pt x 183.09659pt.
 [22

 <../Plot/2017_foward.pdf, page is rotated 90 degrees>]
<../Plot/2017_reversed(cosmic=0).pdf, id=916, 569.12625pt x 300.12125pt>
File: ../Plot/2017_reversed(cosmic=0).pdf Graphic file (type pdf)
<use ../Plot/2017_reversed(cosmic=0).pdf>
Package pdftex.def Info: ../Plot/2017_reversed(cosmic=0).pdf  used on input lin
e 338.
(pdftex.def)             Requested size: 347.19511pt x 183.09659pt.
 [23

 <../Plot/2017_reversed(cosmic=0).pdf, page is rotated 90 degrees>]
<../Plot/2017_reversed.pdf, id=967, 569.12625pt x 300.12125pt>
File: ../Plot/2017_reversed.pdf Graphic file (type pdf)
<use ../Plot/2017_reversed.pdf>
Package pdftex.def Info: ../Plot/2017_reversed.pdf  used on input line 350.
(pdftex.def)             Requested size: 347.19511pt x 183.09659pt.
 [24

 <../Plot/2017_reversed.pdf, page is rotated 90 degrees>] [25

] [26

]
<../Plot/delta_2017_foward.pdf, id=1032, 569.12625pt x 388.45125pt>
File: ../Plot/delta_2017_foward.pdf Graphic file (type pdf)
<use ../Plot/delta_2017_foward.pdf>
Package pdftex.def Info: ../Plot/delta_2017_foward.pdf  used on input line 436.

(pdftex.def)             Requested size: 104.15959pt x 71.0918pt.
<../Plot/delta_2017_reversed.pdf, id=1033, 569.12625pt x 388.45125pt>
File: ../Plot/delta_2017_reversed.pdf Graphic file (type pdf)
<use ../Plot/delta_2017_reversed.pdf>
Package pdftex.def Info: ../Plot/delta_2017_reversed.pdf  used on input line 43
6.
(pdftex.def)             Requested size: 104.15959pt x 71.0918pt.
<../Plot/delta_Threshold_2.pdf, id=1034, 569.12625pt x 388.45125pt>
File: ../Plot/delta_Threshold_2.pdf Graphic file (type pdf)
<use ../Plot/delta_Threshold_2.pdf>
Package pdftex.def Info: ../Plot/delta_Threshold_2.pdf  used on input line 436.

(pdftex.def)             Requested size: 104.15959pt x 71.0918pt.
<../Plot/delta_Threshold_3.pdf, id=1035, 569.12625pt x 388.45125pt>
File: ../Plot/delta_Threshold_3.pdf Graphic file (type pdf)
<use ../Plot/delta_Threshold_3.pdf>
Package pdftex.def Info: ../Plot/delta_Threshold_3.pdf  used on input line 436.

(pdftex.def)             Requested size: 104.15959pt x 71.0918pt.
<../Plot/delta_constFract_20.pdf, id=1036, 569.12625pt x 388.45125pt>
File: ../Plot/delta_constFract_20.pdf Graphic file (type pdf)
<use ../Plot/delta_constFract_20.pdf>
Package pdftex.def Info: ../Plot/delta_constFract_20.pdf  used on input line 43
6.
(pdftex.def)             Requested size: 104.15959pt x 71.0918pt.
<../Plot/delta_constFract_30.pdf, id=1037, 569.12625pt x 388.45125pt>
File: ../Plot/delta_constFract_30.pdf Graphic file (type pdf)
<use ../Plot/delta_constFract_30.pdf>
Package pdftex.def Info: ../Plot/delta_constFract_30.pdf  used on input line 43
6.
(pdftex.def)             Requested size: 104.15959pt x 71.0918pt.
 [27

 <../Plot/delta_2017_foward.pdf, page is rotated 90 degrees> <../Plot/delta_201
7_reversed.pdf, page is rotated 90 degrees> <../Plot/delta_Threshold_2.pdf, pag
e is rotated 90 degrees> <../Plot/delta_Threshold_3.pdf, page is rotated 90 deg
rees> <../Plot/delta_constFract_20.pdf, page is rotated 90 degrees> <../Plot/de
lta_constFract_30.pdf, page is rotated 90 degrees>]
<../Plot/delta_sumNeighbors_sigma20.pdf, id=1303, 569.12625pt x 388.45125pt>
File: ../Plot/delta_sumNeighbors_sigma20.pdf Graphic file (type pdf)
<use ../Plot/delta_sumNeighbors_sigma20.pdf>
Package pdftex.def Info: ../Plot/delta_sumNeighbors_sigma20.pdf  used on input 
line 446.
(pdftex.def)             Requested size: 156.23674pt x 106.63771pt.
<../Plot/delta_sumNeighbors_sigma30.pdf, id=1304, 569.12625pt x 388.45125pt>
File: ../Plot/delta_sumNeighbors_sigma30.pdf Graphic file (type pdf)
<use ../Plot/delta_sumNeighbors_sigma30.pdf>
Package pdftex.def Info: ../Plot/delta_sumNeighbors_sigma30.pdf  used on input 
line 446.
(pdftex.def)             Requested size: 156.23674pt x 106.63771pt.
 [28

 <../Plot/delta_sumNeighbors_sigma20.pdf, page is rotated 90 degrees> <../Plot/
delta_sumNeighbors_sigma30.pdf, page is rotated 90 degrees>] [29

]
\tf@nav=\write6
\openout6 = `hyperfine1.nav'.

\tf@toc=\write7
\openout7 = `hyperfine1.toc'.

\tf@snm=\write8
\openout8 = `hyperfine1.snm'.

 (./hyperfine1.aux)
Package rerunfilecheck Info: File `hyperfine1.out' has not changed.
(rerunfilecheck)             Checksum: D41D8CD98F00B204E9800998ECF8427E;0.
 ) 
Here is how much of TeX's memory you used:
 26654 strings out of 480129
 559329 string characters out of 5893409
 771695 words of memory out of 5000000
 44045 multiletter control sequences out of 15000+600000
 478624 words of font info for 63 fonts, out of 8000000 for 9000
 81 hyphenation exceptions out of 8191
 99i,15n,104p,409b,812s stack positions out of 5000i,500n,10000p,200000b,80000s
</usr/share/texlive/texmf-dist/fonts/type1/public/amsfonts/cmextra/cmex8.pfb>
</usr/share/texlive/texmf-dist/fonts/type1/public/amsfonts/cm/cmmi10.pfb></usr/
share/texlive/texmf-dist/fonts/type1/public/amsfonts/cm/cmmi5.pfb></usr/share/t
exlive/texmf-dist/fonts/type1/public/amsfonts/cm/cmmi6.pfb></usr/share/texlive/
texmf-dist/fonts/type1/public/amsfonts/cm/cmmi7.pfb></usr/share/texlive/texmf-d
ist/fonts/type1/public/amsfonts/cm/cmmi8.pfb></usr/share/texlive/texmf-dist/fon
ts/type1/public/amsfonts/cm/cmss10.pfb></usr/share/texlive/texmf-dist/fonts/typ
e1/public/amsfonts/cm/cmss8.pfb></usr/share/texlive/texmf-dist/fonts/type1/publ
ic/amsfonts/cm/cmssbx10.pfb></usr/share/texlive/texmf-dist/fonts/type1/public/a
msfonts/cm/cmssi8.pfb></usr/share/texlive/texmf-dist/fonts/type1/public/amsfont
s/cm/cmsy6.pfb></usr/share/texlive/texmf-dist/fonts/type1/public/amsfonts/cm/cm
sy7.pfb></usr/share/texlive/texmf-dist/fonts/type1/public/amsfonts/cm/cmsy8.pfb
></usr/share/texlive/texmf-dist/fonts/type1/public/amsfonts/cm/cmtt8.pfb></usr/
share/texlive/texmf-dist/fonts/type1/public/amsfonts/symbols/msam10.pfb>
Output written on hyperfine1.pdf (29 pages, 1721265 bytes).
PDF statistics:
 1480 PDF objects out of 1728 (max. 8388607)
 670 compressed objects within 7 object streams
 59 named destinations out of 1000 (max. 500000)
 204 words of extra memory for PDF output out of 10000 (max. 10000000)

